[debug] [2024-08-10T19:06:15.845Z] ----------------------------------------------------------------------
[debug] [2024-08-10T19:06:15.847Z] Command:       C:\Program Files\nodejs\node.exe C:\Users\Hp\AppData\Roaming\npm\node_modules\firebase-tools\lib\bin\firebase.js init functions
[debug] [2024-08-10T19:06:15.848Z] CLI Version:   13.15.1
[debug] [2024-08-10T19:06:15.848Z] Platform:      win32
[debug] [2024-08-10T19:06:15.848Z] Node Version:  v20.12.2
[debug] [2024-08-10T19:06:15.848Z] Time:          Sun Aug 11 2024 00:36:15 GMT+0530 (India Standard Time)
[debug] [2024-08-10T19:06:15.848Z] ----------------------------------------------------------------------
[debug] 
[debug] [2024-08-10T19:06:15.853Z] > command requires scopes: ["email","openid","https://www.googleapis.com/auth/cloudplatformprojects.readonly","https://www.googleapis.com/auth/firebase","https://www.googleapis.com/auth/cloud-platform"]
[debug] [2024-08-10T19:06:15.853Z] > authorizing via signed-in user (tiremanagementsystempavara@gmail.com)
[info] 
     ######## #### ########  ######## ########     ###     ######  ########
     ##        ##  ##     ## ##       ##     ##  ##   ##  ##       ##
     ######    ##  ########  ######   ########  #########  ######  ######
     ##        ##  ##    ##  ##       ##     ## ##     ##       ## ##
     ##       #### ##     ## ######## ########  ##     ##  ######  ########

You're about to initialize a Firebase project in this directory:

  C:\Users\Hp\Desktop\TiremanagementAndroidApp

[info] 
=== Project Setup
[info] 
[info] First, let's associate this project directory with a Firebase project.
[info] You can create multiple project aliases by running firebase use --add, 
[info] but for now we'll just set up a default project.
[info] 
[debug] [2024-08-10T19:06:38.551Z] >>> [apiv2][query] GET https://firebase.googleapis.com/v1beta1/projects pageSize=100
[debug] [2024-08-10T19:06:39.702Z] <<< [apiv2][status] GET https://firebase.googleapis.com/v1beta1/projects 200
[debug] [2024-08-10T19:06:39.702Z] <<< [apiv2][body] GET https://firebase.googleapis.com/v1beta1/projects [omitted]
